MPASM 5.77  /HOME/SUANNYFABYNE/DOCUMENTOS/P6   9-6-2018  1:03:45         PAGE  1


LOC  OBJECT CODE     LINE SOURCE TEXT
  VALUE

                      00001 ;* * * * * * * * * * * * * * * * * * * * * * * * * * * * * * * * * *
                      00002 ;*              MODIFICAÇÕES PARA USO COM 12F675                   *
                      00003 ;*                FEITAS PELO PROF. MARDSON                        *
                      00004 ;*                    FEVEREIRO DE 2014                            *
                      00005 ;* * * * * * * * * * * * * * * * * * * * * * * * * * * * * * * * * *
                      00006 
                      00007 ;* * * * * * * * * * * * * * * * * * * * * * * * * * * * * * * * * *
                      00008 ;*                             LCD                                 *
                      00009 ;*                  SUANNY FABYNE DA SILVA VIEIRA                  *
                      00010 ;*         DESENVOLVIDO PELA MOSAICO ENGENHARIA E CONSULTORIA      *
                      00011 ;*   VERSÃO: 1.0                           DATA: 17/06/03          *
                      00012 ;* * * * * * * * * * * * * * * * * * * * * * * * * * * * * * * * * *
                      00013 ;*                     DESCRIÇÃO DO ARQUIVO                        *
                      00014 ;*-----------------------------------------------------------------*
                      00015 ;*   MODELO PARA O PIC 12F675                                      *
                      00016 ;*                                                                 *
                      00017 ;*                                                                 *
                      00018 ;* * * * * * * * * * * * * * * * * * * * * * * * * * * * * * * * * *
                      00019 
                      00020 ;* * * * * * * * * * * * * * * * * * * * * * * * * * * * * * * * * *
                      00021 ;*                     ARQUIVOS DE DEFINIÇÕES                      *
                      00022 ;* * * * * * * * * * * * * * * * * * * * * * * * * * * * * * * * * *
                      00023 #INCLUDE <p12f675.inc>  ;ARQUIVO PADRÃO MICROCHIP PARA 12F675
                      00001         LIST
                      00002 
                      00003 ;==========================================================================
                      00004 ; Build date : Nov 22 2017
                      00005 ;  MPASM PIC12F675 processor include
                      00006 ; 
                      00007 ;  (c) Copyright 1999-2017 Microchip Technology, All rights reserved
                      00008 ;==========================================================================
                      00009 
                      00367         LIST
                      00024 
2007   3FA4           00025         __CONFIG _BODEN_OFF & _CP_OFF & _PWRTE_ON & _WDT_OFF & _MCLRE_ON & _INTRC_OSC_NOCLKOUT
                      00026 
                      00027 ;* * * * * * * * * * * * * * * * * * * * * * * * * * * * * * * * * *
                      00028 ;*                    PAGINAÇÃO DE MEMÓRIA                         *
                      00029 ;* * * * * * * * * * * * * * * * * * * * * * * * * * * * * * * * * *
                      00030 ;DEFINIÇÃO DE COMANDOS DE USUÁRIO PARA ALTERAÇÃO DA PÁGINA DE MEMÓRIA
                      00031 #DEFINE BANK0   BCF STATUS,RP0  ;SETA BANK 0 DE MEMÓRIA
                      00032 #DEFINE BANK1   BSF STATUS,RP0  ;SETA BANK 1 DE MAMÓRIA
                      00033 
                      00034 ;* * * * * * * * * * * * * * * * * * * * * * * * * * * * * * * * * *
                      00035 ;*                         VARIÁVEIS                               *
                      00036 ;* * * * * * * * * * * * * * * * * * * * * * * * * * * * * * * * * *
                      00037 ; DEFINIÇÃO DOS NOMES E ENDEREÇOS DE TODAS AS VARIÁVEIS UTILIZADAS 
                      00038 ; PELO SISTEMA
                      00039 
                      00040         CBLOCK  0x20    ;ENDEREÇO INICIAL DA MEMÓRIA DE
                      00041                                         ;USUÁRIO
  00000020            00042                 W_TEMP          ;REGISTRADORES TEMPORÁRIOS PARA USO
  00000021            00043                 STATUS_TEMP     ;JUNTO ÀS INTERRUPÇÕES
MPASM 5.77  /HOME/SUANNYFABYNE/DOCUMENTOS/P6   9-6-2018  1:03:45         PAGE  2


LOC  OBJECT CODE     LINE SOURCE TEXT
  VALUE

  00000022            00044                 DADO            ;ARMAZENA O DADO PARA A EEPROM
  00000023            00045                 NUMERONOME
  00000024            00046                 BITTESTE
  00000025            00047                 CONTBITTESTE
                      00048                 ;NOVAS VARIÁVEIS
                      00049 
                      00050         ENDC                    ;FIM DO BLOCO DE MEMÓRIA
                      00051 ;* * * * * * * * * * * * * * * * * * * * * * * * * * * * * * * * * *
                      00052 ;*                        FLAGS INTERNOS                           *
                      00053 ;* * * * * * * * * * * * * * * * * * * * * * * * * * * * * * * * * *
                      00054 ; DEFINIÇÃO DE TODOS OS FLAGS UTILIZADOS PELO SISTEMA
                      00055 
                      00056 ;* * * * * * * * * * * * * * * * * * * * * * * * * * * * * * * * * *
                      00057 ;*                         CONSTANTES                              *
                      00058 ;* * * * * * * * * * * * * * * * * * * * * * * * * * * * * * * * * *
                      00059 ; DEFINIÇÃO DE TODAS AS CONSTANTES UTILIZADAS PELO SISTEMA
                      00060 ; INICIALIZAÇÃO DA EEPROM, DE ACORDO COM A DESCRIÇÃO NO ARQUIVO "Def_Rega_Formigas.inc"
                      00061 
                      00062 ;A PARTIR DO ENDEREÇO ZERO DA EEPROM, DADOS EM ORDEM ALEATÓRIA
2100                  00063         ORG 0x2100 ;tinha usado pra gravar 'meu nome na eemprom, mas desisti
2100   0053 0075 0061 00064         DE      0X53,0X75,0X61,0X6E,0X6E,0X79
       006E 006E 0079 
                      00065 
                      00066 ;* * * * * * * * * * * * * * * * * * * * * * * * * * * * * * * * * *
                      00067 ;*                           ENTRADAS                              *
                      00068 ;* * * * * * * * * * * * * * * * * * * * * * * * * * * * * * * * * *
                      00069 ; DEFINIÇÃO DE TODOS OS PINOS QUE SERÃO UTILIZADOS COMO ENTRADA
                      00070 ; RECOMENDAMOS TAMBÉM COMENTAR O SIGNIFICADO DE SEUS ESTADOS (0 E 1)
                      00071 
                      00072 ;* * * * * * * * * * * * * * * * * * * * * * * * * * * * * * * * * *
                      00073 ;*    gp4 mandará os dados pro display, gp5 será responsavel pelo enable, e gp0 pelo clock*
                      00074 ;* * * * * * * * * * * * * * * * * * * * * * * * * * * * * * * * * *
                      00075 ; DEFINIÇÃO DE TODOS OS PINOS QUE SERÃO UTILIZADOS COMO SAÍDA
                      00076 ; RECOMENDAMOS TAMBÉM COMENTAR O SIGNIFICADO DE SEUS ESTADOS (0 E 1)
                      00077 
                      00078 ;* * * * * * * * * * * * * * * * * * * * * * * * * * * * * * * * * *
                      00079 ;*                       VETOR DE RESET                            *
                      00080 ;* * * * * * * * * * * * * * * * * * * * * * * * * * * * * * * * * *
                      00081 
0000                  00082         ORG     0x00                    ;ENDEREÇO INICIAL DE PROCESSAMENTO
0000   2857           00083         GOTO    INICIO
                      00084         
                      00085 ;* * * * * * * * * * * * * * * * * * * * * * * * * * * * * * * * * *
                      00086 ;*                    INÍCIO DA INTERRUPÇÃO                        *
                      00087 ;* * * * * * * * * * * * * * * * * * * * * * * * * * * * * * * * * *
                      00088 ; ENDEREÇO DE DESVIO DAS INTERRUPÇÕES. A PRIMEIRA TAREFA É SALVAR OS
                      00089 ; VALORES DE "W" E "STATUS" PARA RECUPERAÇÃO FUTURA
                      00090 
0004                  00091         ORG     0x04                    ;ENDEREÇO INICIAL DA INTERRUPÇÃO
0004   00A0           00092         MOVWF   W_TEMP          ;COPIA W PARA W_TEMP
0005   0E03           00093         SWAPF   STATUS,W
0006   00A1           00094         MOVWF   STATUS_TEMP     ;COPIA STATUS PARA STATUS_TEMP
                      00095 
MPASM 5.77  /HOME/SUANNYFABYNE/DOCUMENTOS/P6   9-6-2018  1:03:45         PAGE  3


LOC  OBJECT CODE     LINE SOURCE TEXT
  VALUE

                      00096 ;* * * * * * * * * * * * * * * * * * * * * * * * * * * * * * * * * *
                      00097 ;*                    ROTINA DE INTERRUPÇÃO                        *
                      00098 ;* * * * * * * * * * * * * * * * * * * * * * * * * * * * * * * * * *
                      00099 ; AQUI SERÁ ESCRITA AS ROTINAS DE RECONHECIMENTO E TRATAMENTO DAS
                      00100 ; INTERRUPÇÕES
                      00101 
                      00102 ;* * * * * * * * * * * * * * * * * * * * * * * * * * * * * * * * * *
                      00103 ;*                 ROTINA DE SAÍDA DA INTERRUPÇÃO                  *
                      00104 ;* * * * * * * * * * * * * * * * * * * * * * * * * * * * * * * * * *
                      00105 ; OS VALORES DE "W" E "STATUS" DEVEM SER RECUPERADOS ANTES DE 
                      00106 ; RETORNAR DA INTERRUPÇÃO
                      00107 
0007                  00108 SAI_INT
0007   0E21           00109         SWAPF   STATUS_TEMP,W
0008   0083           00110         MOVWF   STATUS          ;MOVE STATUS_TEMP PARA STATUS
0009   0EA0           00111         SWAPF   W_TEMP,F
000A   0E20           00112         SWAPF   W_TEMP,W        ;MOVE W_TEMP PARA W
000B   0009           00113         RETFIE
                      00114 
                      00115 ;* * * * * * * * * * * * * * * * * * * * * * * * * * * * * * * * * *
                      00116 ;*                       ROTINAS E SUBROTINAS                      *
                      00117 ;* * * * * * * * * * * * * * * * * * * * * * * * * * * * * * * * * *
                      00118 ; CADA ROTINA OU SUBROTINA DEVE POSSUIR A DESCRIÇÃO DE FUNCIONAMENTO
                      00119 ; E UM NOME COERENTE ÀS SUAS FUNÇÕES.
000C                  00120 LE_EEPROM
                      00121 ;LER DADO DA EEPROM, CUJO ENDEREÇO É INDICADO EM W
                      00122 ;DADO LIDO RETORNA EM W
000C   397F           00123         ANDLW   .127            ;LIMITA ENDEREÇO MAX. 127
000D   1683           00124         BANK1                           ;ACESSO VIA BANK 1
Message[302]: Register in operand not in bank 0.  Ensure that bank bits are correct.
000E   009B           00125         MOVWF   EEADR           ;INDICA O END. DE LEITURA
Message[302]: Register in operand not in bank 0.  Ensure that bank bits are correct.
000F   141C           00126         BSF             EECON1,RD       ;INICIA O PROCESSO DE LEITURA
Message[302]: Register in operand not in bank 0.  Ensure that bank bits are correct.
0010   081A           00127         MOVF    EEDATA,W        ;COLOCA DADO LIDO EM W
0011   1283           00128         BANK0                           ;POSICIONA PARA BANK 0
0012   0008           00129         RETURN
                      00130 
0013                  00131 GRAVA_EEPROM
                      00132 ;ESCREVE DADO (DADO) NA EEPROM, CUJO ENDEREÇO É INDICADO EM W
0013   397F           00133         ANDLW   .127            ;LIMITA ENDEREÇO MAX. 127
0014   1683           00134         BANK1                           ;ACESSO VIA BANK 1
Message[302]: Register in operand not in bank 0.  Ensure that bank bits are correct.
0015   009B           00135         MOVWF   EEADR
0016   0822           00136         MOVF    DADO,W
Message[302]: Register in operand not in bank 0.  Ensure that bank bits are correct.
0017   009A           00137         MOVWF   EEDATA
Message[302]: Register in operand not in bank 0.  Ensure that bank bits are correct.
0018   151C           00138         BSF             EECON1,WREN ;HABILITA ESCRITA
0019   138B           00139         BCF             INTCON,GIE      ;DESLIGA INTERRUPÇÕES
001A   3055           00140         MOVLW   B'01010101'     ;DESBLOQUEIA ESCRITA
Message[302]: Register in operand not in bank 0.  Ensure that bank bits are correct.
001B   009D           00141         MOVWF   EECON2          ;
MPASM 5.77  /HOME/SUANNYFABYNE/DOCUMENTOS/P6   9-6-2018  1:03:45         PAGE  4


LOC  OBJECT CODE     LINE SOURCE TEXT
  VALUE

001C   30AA           00142         MOVLW   B'10101010'     ;DESBLOQUEIA ESCRITA
Message[302]: Register in operand not in bank 0.  Ensure that bank bits are correct.
001D   009D           00143         MOVWF   EECON2          ;
Message[302]: Register in operand not in bank 0.  Ensure that bank bits are correct.
001E   149C           00144         BSF             EECON1,WR ;INICIA A ESCRITA
001F                  00145 AGUARDA
Message[302]: Register in operand not in bank 0.  Ensure that bank bits are correct.
001F   189C           00146         BTFSC   EECON1,WR ;TERMINOU?
0020   281F           00147         GOTO    AGUARDA
0021   178B           00148         BSF             INTCON,GIE ;HABILITA INTERRUPÇÕES
0022   1283           00149         BANK0                           ;POSICIONA PARA BANK 0
0023   0008           00150         RETURN
                      00151 
0024                  00152 ESCREVEDADO  ;ROTINA PARA ESCREVER PARTE DOS DADOS DA INICIALIZAÇÃO, REFERENTE A 101100 (BACKLIGHT, RS, 
                            DB4, DB5, DB6, DB7, NESTA ORDEM
0024   1205           00153         BCF GPIO, GP4 ;db7
0025   1405           00154         BSF GPIO, GP0   ;CLOCK
0026   1005           00155         BCF GPIO, GP0   ;CLOCK
0027   1205           00156         BCF GPIO, GP4 ;db6
0028   1405           00157         BSF GPIO, GP0   ;CLOCK
0029   1005           00158         BCF GPIO, GP0   ;CLOCK
002A   1605           00159         BSF GPIO, GP4 ;db5
002B   1405           00160         BSF GPIO, GP0   ;CLOCK
002C   1005           00161         BCF GPIO, GP0   ;CLOCK
002D   1605           00162         BSF GPIO, GP4 ;db4
002E   1405           00163         BSF GPIO, GP0   ;CLOCK
002F   1005           00164         BCF GPIO, GP0   ;CLOCK
0030   1205           00165         BCF GPIO, GP4 ;RS
0031   1405           00166         BSF GPIO, GP0   ;CLOCK
0032   1005           00167         BCF GPIO, GP0   ;CLOCK
0033   1605           00168         BSF GPIO, GP4 ;BACKLIGHT
0034   1405           00169         BSF GPIO, GP0   ;CLOCK
0035   1005           00170         BCF GPIO, GP0   ;CLOCK
0036   1405           00171         BSF GPIO, GP0   ;CLOCK ;DOIS CLOCKS A MAIS, PARA DESLOCAR O DADO NO REG DE DESLOCAMENTO E COLOCA
                            -LO NA POSIÇAO CERTA
0037   1005           00172         BCF GPIO, GP0   ;CLOCK
0038   1405           00173         BSF GPIO, GP0   ;CLOCK
0039   1005           00174         BCF GPIO, GP0   ;CLOCK  
003A   1685           00175         BSF GPIO, GP5   ;enable
003B   1285           00176         BCF GPIO, GP5   ;enable
                      00177         ;CORPO DA ROTINA
                      00178 
003C   0008           00179         RETURN
                      00180         
003D                  00181 DELAYUS ;rotina de delay
                      00182 
003D   1D0B           00183         BTFSS INTCON, T0IF
003E   283D           00184         GOTO DELAYUS
003F   0008           00185         RETURN
                      00186 
0040                  00187 BITWRITE
0040   3006           00188         MOVLW .6 ;modo dinamico de ler os bits da tabela do fluxograma. Le os 6 bits da variavel posta e
                            m BITTESTE (BACKLIGHT, RS, DB4, DB5, DB6, DB7)
MPASM 5.77  /HOME/SUANNYFABYNE/DOCUMENTOS/P6   9-6-2018  1:03:45         PAGE  5


LOC  OBJECT CODE     LINE SOURCE TEXT
  VALUE

0041   00A5           00189         MOVWF CONTBITTESTE
0042                  00190 BITTEST
0042   1C24           00191         BTFSS BITTESTE, 0 ;BITTESTE (BACKLIGHT, RS, DB4, DB5, DB6, DB7)
0043   2855           00192         GOTO LIMPAGP4 ;caso o bit menos significativo de bitteste for 1, seta o gp4, se nao, limpa
0044   1605           00193         BSF GPIO, GP4
0045                  00194 VOLTOULIMPAGP4
0045   1405           00195         BSF GPIO, GP0   ;CLOCK
0046   1005           00196         BCF GPIO, GP0   ;CLOCK
Message[305]: Using default destination of 1 (file).
0047   0CA4           00197         RRF BITTESTE
Message[305]: Using default destination of 1 (file).
0048   0BA5           00198         DECFSZ CONTBITTESTE
0049   2842           00199         GOTO BITTEST
004A   1405           00200         BSF GPIO, GP0   ;CLOCK ;DOIS CLOCKS A MAIS, PARA DESLOCAR O DADO NO REG DE DESLOCAMENTO E COLOCA
                            -LO NA POSIÇAO CERTA
004B   1005           00201         BCF GPIO, GP0   ;CLOCK
004C   1405           00202         BSF GPIO, GP0   ;CLOCK
004D   1005           00203         BCF GPIO, GP0   ;CLOCK  
004E   1685           00204         BSF GPIO, GP5   ;enable
004F   1285           00205         BCF GPIO, GP5   ;enable
0050   110B           00206         BCF INTCON, T0IF
0051   30FF           00207         MOVLW .255
0052   0081           00208         MOVWF TMR0
0053   203D           00209         CALL DELAYUS
0054   0008           00210         RETURN
                      00211 
0055                  00212 LIMPAGP4
0055   1205           00213         BCF GPIO, GP4
0056   2845           00214         GOTO VOLTOULIMPAGP4
                      00215 ;* * * * * * * * * * * * * * * * * * * * * * * * * * * * * * * * * *
                      00216 ;*                     INICIO DO PROGRAMA                          *
                      00217 ;* * * * * * * * * * * * * * * * * * * * * * * * * * * * * * * * * *
                      00218         
0057                  00219 INICIO
0057   1683           00220         BANK1                           ;ALTERA PARA O BANCO 1
0058   3000           00221         MOVLW   B'00000000' ;CONFIGURA TODAS AS PORTAS DO GPIO (PINOS)
Message[302]: Register in operand not in bank 0.  Ensure that bank bits are correct.
0059   0085           00222         MOVWF   TRISIO          ;COMO SAÍDAS
Message[302]: Register in operand not in bank 0.  Ensure that bank bits are correct.
005A   019F           00223         CLRF    ANSEL           ;DEFINE PORTAS COMO Digital I/O
005B   3006           00224         MOVLW   B'00000110'
Message[302]: Register in operand not in bank 0.  Ensure that bank bits are correct.
005C   0081           00225         MOVWF   OPTION_REG      ;DEFINE OPÇÕES DE OPERAÇÃO
005D   3000           00226         MOVLW   B'00000000'
005E   008B           00227         MOVWF   INTCON          ;DEFINE OPÇÕES DE INTERRUPÇÕES
005F   1283           00228         BANK0                           ;RETORNA PARA O BANCO
0060   3007           00229         MOVLW   B'00000111'
0061   0099           00230         MOVWF   CMCON           ;DEFINE O MODO DE OPERAÇÃO DO COMPARADOR ANALÓGICO
                      00231 
                      00232 ;* * * * * * * * * * * * * * * * * * * * * * * * * * * * * * * * * *
                      00233 ;*                     INICIALIZAÇÃO DAS VARIÁVEIS                 *
                      00234 ;* * * * * * * * * * * * * * * * * * * * * * * * * * * * * * * * * *
                      00235 
MPASM 5.77  /HOME/SUANNYFABYNE/DOCUMENTOS/P6   9-6-2018  1:03:45         PAGE  6


LOC  OBJECT CODE     LINE SOURCE TEXT
  VALUE

                      00236 ;* * * * * * * * * * * * * * * * * * * * * * * * * * * * * * * * * *
                      00237 ;*                     ROTINA PRINCIPAL                            *
                      00238 ;* * * * * * * * * * * * * * * * * * * * * * * * * * * * * * * * * *
0062                  00239 MAIN
0062   3000           00240         MOVLW .0
0063   00A3           00241         MOVWF NUMERONOME
0064   110B           00242         BCF INTCON, T0IF
0065   3074           00243         MOVLW .116
0066   0081           00244         MOVWF TMR0
0067                  00245 INICIALIZAR ;começa a inicialização do display
0067   1D0B           00246         BTFSS INTCON, T0IF
0068   2867           00247         GOTO INICIALIZAR
0069   2024           00248         CALL ESCREVEDADO ;chama a rotina para mandar dados pro display
006A   110B           00249         BCF INTCON, T0IF
006B   30D8           00250         MOVLW .216
006C   0081           00251         MOVWF TMR0
006D                  00252 ESPERAR4.1
006D   1D0B           00253         BTFSS INTCON, T0IF
006E   286D           00254         GOTO ESPERAR4.1 ;delay de 4.1ms
006F   2024           00255         CALL ESCREVEDADO ;ESCREVEU
0070   110B           00256         BCF INTCON, T0IF
0071   30FF           00257         MOVLW .255
0072   0081           00258         MOVWF TMR0
0073   203D           00259         CALL DELAYUS ;delay de 10ms
0074   2024           00260         CALL ESCREVEDADO ;ESCREVEU
0075   110B           00261         BCF INTCON, T0IF
0076   30FF           00262         MOVLW .255
0077   0081           00263         MOVWF TMR0
0078   203D           00264         CALL DELAYUS
                      00265         
0079   3024           00266         MOVLW B'100100';escreve os dados da tabela em bitteste, para ser manipulada na rotina BITWRITE
007A   00A4           00267         MOVWF BITTESTE ;(BACKLIGHT, RS, DB4, DB5, DB6, DB7)
007B   2040           00268         CALL BITWRITE
007C   3024           00269         MOVLW B'100100';
007D   00A4           00270         MOVWF BITTESTE
007E   2040           00271         CALL BITWRITE
007F   3021           00272         MOVLW B'100001';
0080   00A4           00273         MOVWF BITTESTE
0081   2040           00274         CALL BITWRITE
0082   3020           00275         MOVLW B'100000';
0083   00A4           00276         MOVWF BITTESTE
0084   2040           00277         CALL BITWRITE
0085   302F           00278         MOVLW B'101111';
0086   00A4           00279         MOVWF BITTESTE
0087   2040           00280         CALL BITWRITE
0088   3020           00281         MOVLW B'100000';
0089   00A4           00282         MOVWF BITTESTE
008A   2040           00283         CALL BITWRITE
008B   3028           00284         MOVLW B'101000';
008C   00A4           00285         MOVWF BITTESTE
008D   2040           00286         CALL BITWRITE
008E   3020           00287         MOVLW B'100000';
008F   00A4           00288         MOVWF BITTESTE
MPASM 5.77  /HOME/SUANNYFABYNE/DOCUMENTOS/P6   9-6-2018  1:03:45         PAGE  7


LOC  OBJECT CODE     LINE SOURCE TEXT
  VALUE

0090   2040           00289         CALL BITWRITE
0091   3026           00290         MOVLW B'100110';
0092   00A4           00291         MOVWF BITTESTE
0093   2040           00292         CALL BITWRITE
                      00293         
0094   110B           00294         BCF INTCON, T0IF ;delay para dar tempo de mandar as letras corretamentes, sem exclusão
0095   3096           00295         MOVLW .150
0096   0081           00296         MOVWF TMR0
0097   203D           00297         CALL DELAYUS
                      00298         
0098   303A           00299         MOVLW B'111010'; S manda os bits correspondente a letra S (1010) + RS(1) + BACKLIGHT (1). do men
                            os significativo para o mais
0099   00A4           00300         MOVWF BITTESTE
009A   2040           00301         CALL BITWRITE
009B   303C           00302         MOVLW B'111100'; S ;segue mesmo estilo para o resto dos caracteres  letra S (1100) + RS(1) + BAC
                            KLIGHT (1) 
009C   00A4           00303         MOVWF BITTESTE
009D   2040           00304         CALL BITWRITE
009E   303E           00305         MOVLW B'111110'; U
009F   00A4           00306         MOVWF BITTESTE
00A0   2040           00307         CALL BITWRITE
00A1   303A           00308         MOVLW B'111010'; U
00A2   00A4           00309         MOVWF BITTESTE
00A3   2040           00310         CALL BITWRITE   
00A4   3036           00311         MOVLW B'110110'; A
00A5   00A4           00312         MOVWF BITTESTE
00A6   2040           00313         CALL BITWRITE   
00A7   3038           00314         MOVLW B'111000'; A
00A8   00A4           00315         MOVWF BITTESTE
00A9   2040           00316         CALL BITWRITE   
00AA   3036           00317         MOVLW B'110110'; N
00AB   00A4           00318         MOVWF BITTESTE
00AC   2040           00319         CALL BITWRITE   
00AD   3037           00320         MOVLW B'110111'; N
00AE   00A4           00321         MOVWF BITTESTE
00AF   2040           00322         CALL BITWRITE   
00B0   3036           00323         MOVLW B'110110'; N
00B1   00A4           00324         MOVWF BITTESTE
00B2   2040           00325         CALL BITWRITE   
00B3   3037           00326         MOVLW B'110111'; N
00B4   00A4           00327         MOVWF BITTESTE
00B5   2040           00328         CALL BITWRITE   
00B6   303E           00329         MOVLW B'111110'; Y
00B7   00A4           00330         MOVWF BITTESTE
00B8   2040           00331         CALL BITWRITE   
00B9   3039           00332         MOVLW B'111001'; Y
00BA   00A4           00333         MOVWF BITTESTE
00BB   2040           00334         CALL BITWRITE
                      00335 
00BC                  00336 FIM
00BC   28BC           00337         GOTO FIM
                      00338 
                      00339 ;* * * * * * * * * * * * * * * * * * * * * * * * * * * * * * * * * *
MPASM 5.77  /HOME/SUANNYFABYNE/DOCUMENTOS/P6   9-6-2018  1:03:45         PAGE  8


LOC  OBJECT CODE     LINE SOURCE TEXT
  VALUE

                      00340 ;*                       FIM DO PROGRAMA                           *
                      00341 ;* * * * * * * * * * * * * * * * * * * * * * * * * * * * * * * * * *
                      00342 
                      00343         END
MPASM 5.77  /HOME/SUANNYFABYNE/DOCUMENTOS/P6   9-6-2018  1:03:45         PAGE  9


SYMBOL TABLE
  LABEL                             VALUE 

ADCON0                            0000001F
ADCS0                             00000004
ADCS1                             00000005
ADCS2                             00000006
ADFM                              00000007
ADIE                              00000006
ADIF                              00000006
ADON                              00000000
ADRESH                            0000001E
ADRESL                            0000009E
AGUARDA                           0000001F
ANS0                              00000000
ANS1                              00000001
ANS2                              00000002
ANS3                              00000003
ANSEL                             0000009F
BANK0                             BCF STATUS,RP0
BANK1                             BSF STATUS,RP0
BITTEST                           00000042
BITTESTE                          00000024
BITWRITE                          00000040
C                                 00000000
CAL0                              00000002
CAL1                              00000003
CAL2                              00000004
CAL3                              00000005
CAL4                              00000006
CAL5                              00000007
CHS0                              00000002
CHS1                              00000003
CINV                              00000004
CIS                               00000003
CM0                               00000000
CM1                               00000001
CM2                               00000002
CMCON                             00000019
CMIE                              00000003
CMIF                              00000003
CONTBITTESTE                      00000025
COUT                              00000006
DADO                              00000022
DC                                00000001
DELAYUS                           0000003D
EEADR                             0000009B
EECON1                            0000009C
EECON2                            0000009D
EEDAT                             0000009A
EEDATA                            0000009A
EEIE                              00000007
EEIF                              00000007
ESCREVEDADO                       00000024
ESPERAR4.1                        0000006D
F                                 00000001
MPASM 5.77  /HOME/SUANNYFABYNE/DOCUMENTOS/P6   9-6-2018  1:03:45         PAGE 10


SYMBOL TABLE
  LABEL                             VALUE 

FIM                               000000BC
FSR                               00000004
GIE                               00000007
GO                                00000001
GO_DONE                           00000001
GO_NOT_DONE                       00000001
GP0                               00000000
GP1                               00000001
GP2                               00000002
GP3                               00000003
GP4                               00000004
GP5                               00000005
GPIE                              00000003
GPIF                              00000000
GPIO                              00000005
GPIO0                             00000000
GPIO1                             00000001
GPIO2                             00000002
GPIO3                             00000003
GPIO4                             00000004
GPIO5                             00000005
GRAVA_EEPROM                      00000013
INDF                              00000000
INICIALIZAR                       00000067
INICIO                            00000057
INTCON                            0000000B
INTE                              00000004
INTEDG                            00000006
INTF                              00000001
IOC                               00000096
IOC0                              00000000
IOC1                              00000001
IOC2                              00000002
IOC3                              00000003
IOC4                              00000004
IOC5                              00000005
IOCB                              00000096
IOCB0                             00000000
IOCB1                             00000001
IOCB2                             00000002
IOCB3                             00000003
IOCB4                             00000004
IOCB5                             00000005
IRP                               00000007
LE_EEPROM                         0000000C
LIMPAGP4                          00000055
MAIN                              00000062
NOT_BOD                           00000000
NOT_BOR                           00000000
NOT_DONE                          00000001
NOT_GPPU                          00000007
NOT_PD                            00000003
NOT_POR                           00000001
MPASM 5.77  /HOME/SUANNYFABYNE/DOCUMENTOS/P6   9-6-2018  1:03:45         PAGE 11


SYMBOL TABLE
  LABEL                             VALUE 

NOT_T1SYNC                        00000002
NOT_TO                            00000004
NUMERONOME                        00000023
OPTION_REG                        00000081
OSCCAL                            00000090
PCL                               00000002
PCLATH                            0000000A
PCON                              0000008E
PEIE                              00000006
PIE1                              0000008C
PIR1                              0000000C
PS0                               00000000
PS1                               00000001
PS2                               00000002
PSA                               00000003
RD                                00000000
RP0                               00000005
RP1                               00000006
SAI_INT                           00000007
STATUS                            00000003
STATUS_TEMP                       00000021
T0CS                              00000005
T0IE                              00000005
T0IF                              00000002
T0SE                              00000004
T1CKPS0                           00000004
T1CKPS1                           00000005
T1CON                             00000010
T1IE                              00000000
T1IF                              00000000
T1OSCEN                           00000003
TMR0                              00000001
TMR0IE                            00000005
TMR0IF                            00000002
TMR1                              0000000E
TMR1CS                            00000001
TMR1GE                            00000006
TMR1H                             0000000F
TMR1IE                            00000000
TMR1IF                            00000000
TMR1L                             0000000E
TMR1ON                            00000000
TRISIO                            00000085
TRISIO0                           00000000
TRISIO1                           00000001
TRISIO2                           00000002
TRISIO3                           00000003
TRISIO4                           00000004
TRISIO5                           00000005
VCFG                              00000006
VOLTOULIMPAGP4                    00000045
VR0                               00000000
VR1                               00000001
MPASM 5.77  /HOME/SUANNYFABYNE/DOCUMENTOS/P6   9-6-2018  1:03:45         PAGE 12


SYMBOL TABLE
  LABEL                             VALUE 

VR2                               00000002
VR3                               00000003
VRCON                             00000099
VREN                              00000007
VRR                               00000005
W                                 00000000
WPU                               00000095
WPU0                              00000000
WPU1                              00000001
WPU2                              00000002
WPU4                              00000004
WPU5                              00000005
WR                                00000001
WREN                              00000002
WRERR                             00000003
W_TEMP                            00000020
Z                                 00000002
_BODEN_OFF                        00003FBF
_BODEN_ON                         00003FFF
_BOREN_OFF                        00003FBF
_BOREN_ON                         00003FFF
_CONFIG                           00002007
_CPD_OFF                          00003FFF
_CPD_ON                           00003EFF
_CP_OFF                           00003FFF
_CP_ON                            00003F7F
_DEVID1                           00002006
_EC_OSC                           00003FFB
_EXTRC_OSC_CLKOUT                 00003FFF
_EXTRC_OSC_NOCLKOUT               00003FFE
_FOSC_EC                          00003FFB
_FOSC_EXTRCCLK                    00003FFF
_FOSC_EXTRCIO                     00003FFE
_FOSC_HS                          00003FFA
_FOSC_INTRCCLK                    00003FFD
_FOSC_INTRCIO                     00003FFC
_FOSC_LP                          00003FF8
_FOSC_XT                          00003FF9
_HS_OSC                           00003FFA
_IDLOC0                           00002000
_IDLOC1                           00002001
_IDLOC2                           00002002
_IDLOC3                           00002003
_INTRC_OSC_CLKOUT                 00003FFD
_INTRC_OSC_NOCLKOUT               00003FFC
_LP_OSC                           00003FF8
_MCLRE_OFF                        00003FDF
_MCLRE_ON                         00003FFF
_PWRTE_OFF                        00003FFF
_PWRTE_ON                         00003FEF
_WDTE_OFF                         00003FF7
_WDTE_ON                          00003FFF
_WDT_OFF                          00003FF7
MPASM 5.77  /HOME/SUANNYFABYNE/DOCUMENTOS/P6   9-6-2018  1:03:45         PAGE 13


SYMBOL TABLE
  LABEL                             VALUE 

_WDT_ON                           00003FFF
_XT_OSC                           00003FF9
__12F675                          00000001


MEMORY USAGE MAP ('X' = Used,  '-' = Unused)

0000 : X---XXXXXXXXXXXX XXXXXXXXXXXXXXXX XXXXXXXXXXXXXXXX XXXXXXXXXXXXXXXX
0040 : XXXXXXXXXXXXXXXX XXXXXXXXXXXXXXXX XXXXXXXXXXXXXXXX XXXXXXXXXXXXXXXX
0080 : XXXXXXXXXXXXXXXX XXXXXXXXXXXXXXXX XXXXXXXXXXXXXXXX XXXXXXXXXXXXX---
2000 : -------X-------- ---------------- ---------------- ----------------
2100 : XXXXXX---------- ---------------- ---------------- ----------------

All other memory blocks unused.

Program Memory Words Used:   186
Program Memory Words Free:   838


Errors   :     0
Warnings :     0 reported,     0 suppressed
Messages :    15 reported,     0 suppressed

